{"numFailedTestSuites":4,"numFailedTests":12,"numPassedTestSuites":4,"numPassedTests":17,"numPendingTestSuites":0,"numPendingTests":0,"numRuntimeErrorTestSuites":0,"numTodoTests":0,"numTotalTestSuites":8,"numTotalTests":29,"openHandles":[],"snapshot":{"added":0,"didUpdate":false,"failure":false,"filesAdded":0,"filesRemoved":0,"filesRemovedList":[],"filesUnmatched":0,"filesUpdated":0,"matched":0,"total":0,"unchecked":0,"uncheckedKeysByFile":[],"unmatched":0,"updated":0},"startTime":1773061608114,"success":false,"testResults":[{"assertionResults":[{"ancestorTitles":["Cart Items Operations","POST /api/cart"],"duration":59,"failing":false,"failureDetails":[{"matcherResult":{"actual":401,"expected":201,"message":"\u001b[2mexpect(\u001b[22m\u001b[31mreceived\u001b[39m\u001b[2m).\u001b[22mtoBe\u001b[2m(\u001b[22m\u001b[32mexpected\u001b[39m\u001b[2m) // Object.is equality\u001b[22m\n\nExpected: \u001b[32m201\u001b[39m\nReceived: \u001b[31m401\u001b[39m","name":"toBe","pass":false}}],"failureMessages":["Error: \u001b[2mexpect(\u001b[22m\u001b[31mreceived\u001b[39m\u001b[2m).\u001b[22mtoBe\u001b[2m(\u001b[22m\u001b[32mexpected\u001b[39m\u001b[2m) // Object.is equality\u001b[22m\n\nExpected: \u001b[32m201\u001b[39m\nReceived: \u001b[31m401\u001b[39m\n    at Object.toBe (C:\\Users\\Hani\\OneDrive\\Desktop\\furniture project\\server\\tests\\cart.operations.test.js:37:36)\n    at processTicksAndRejections (node:internal/process/task_queues:105:5)"],"fullName":"Cart Items Operations POST /api/cart should add item to cart","invocations":1,"location":null,"numPassingAsserts":0,"retryReasons":[],"startAt":1773061617070,"status":"failed","title":"should add item to cart"},{"ancestorTitles":["Cart Items Operations","POST /api/cart"],"duration":46,"failing":false,"failureDetails":[{"matcherResult":{"actual":401,"expected":404,"message":"\u001b[2mexpect(\u001b[22m\u001b[31mreceived\u001b[39m\u001b[2m).\u001b[22mtoBe\u001b[2m(\u001b[22m\u001b[32mexpected\u001b[39m\u001b[2m) // Object.is equality\u001b[22m\n\nExpected: \u001b[32m404\u001b[39m\nReceived: \u001b[31m401\u001b[39m","name":"toBe","pass":false}}],"failureMessages":["Error: \u001b[2mexpect(\u001b[22m\u001b[31mreceived\u001b[39m\u001b[2m).\u001b[22mtoBe\u001b[2m(\u001b[22m\u001b[32mexpected\u001b[39m\u001b[2m) // Object.is equality\u001b[22m\n\nExpected: \u001b[32m404\u001b[39m\nReceived: \u001b[31m401\u001b[39m\n    at Object.toBe (C:\\Users\\Hani\\OneDrive\\Desktop\\furniture project\\server\\tests\\cart.operations.test.js:48:36)\n    at processTicksAndRejections (node:internal/process/task_queues:105:5)"],"fullName":"Cart Items Operations POST /api/cart should block adding invalid product","invocations":1,"location":null,"numPassingAsserts":0,"retryReasons":[],"startAt":1773061617132,"status":"failed","title":"should block adding invalid product"},{"ancestorTitles":["Cart Items Operations","PUT /api/cart/:id"],"duration":48,"failing":false,"failureDetails":[{}],"failureMessages":["TypeError: Cannot read properties of undefined (reading 'id')\n    at Object.id (C:\\Users\\Hani\\OneDrive\\Desktop\\furniture project\\server\\tests\\cart.operations.test.js:60:49)\n    at processTicksAndRejections (node:internal/process/task_queues:105:5)"],"fullName":"Cart Items Operations PUT /api/cart/:id should update item quantity","invocations":1,"location":null,"numPassingAsserts":0,"retryReasons":[],"startAt":1773061617179,"status":"failed","title":"should update item quantity"},{"ancestorTitles":["Cart Items Operations","PUT /api/cart/:id"],"duration":48,"failing":false,"failureDetails":[{"matcherResult":{"actual":401,"expected":400,"message":"\u001b[2mexpect(\u001b[22m\u001b[31mreceived\u001b[39m\u001b[2m).\u001b[22mtoBe\u001b[2m(\u001b[22m\u001b[32mexpected\u001b[39m\u001b[2m) // Object.is equality\u001b[22m\n\nExpected: \u001b[32m400\u001b[39m\nReceived: \u001b[31m401\u001b[39m","name":"toBe","pass":false}}],"failureMessages":["Error: \u001b[2mexpect(\u001b[22m\u001b[31mreceived\u001b[39m\u001b[2m).\u001b[22mtoBe\u001b[2m(\u001b[22m\u001b[32mexpected\u001b[39m\u001b[2m) // Object.is equality\u001b[22m\n\nExpected: \u001b[32m400\u001b[39m\nReceived: \u001b[31m401\u001b[39m\n    at Object.toBe (C:\\Users\\Hani\\OneDrive\\Desktop\\furniture project\\server\\tests\\cart.operations.test.js:79:36)\n    at processTicksAndRejections (node:internal/process/task_queues:105:5)"],"fullName":"Cart Items Operations PUT /api/cart/:id should block updating with zero quantity","invocations":1,"location":null,"numPassingAsserts":0,"retryReasons":[],"startAt":1773061617229,"status":"failed","title":"should block updating with zero quantity"},{"ancestorTitles":["Cart Items Operations","DELETE /api/cart/:id"],"duration":43,"failing":false,"failureDetails":[{}],"failureMessages":["TypeError: Cannot read properties of undefined (reading 'id')\n    at Object.id (C:\\Users\\Hani\\OneDrive\\Desktop\\furniture project\\server\\tests\\cart.operations.test.js:91:49)\n    at processTicksAndRejections (node:internal/process/task_queues:105:5)"],"fullName":"Cart Items Operations DELETE /api/cart/:id should remove item from cart cleanly","invocations":1,"location":null,"numPassingAsserts":0,"retryReasons":[],"startAt":1773061617278,"status":"failed","title":"should remove item from cart cleanly"}],"endTime":1773061617356,"message":"\u001b[1m\u001b[31m  \u001b[1m● \u001b[22m\u001b[1mCart Items Operations › POST /api/cart › should add item to cart\u001b[39m\u001b[22m\n\n    \u001b[2mexpect(\u001b[22m\u001b[31mreceived\u001b[39m\u001b[2m).\u001b[22mtoBe\u001b[2m(\u001b[22m\u001b[32mexpected\u001b[39m\u001b[2m) // Object.is equality\u001b[22m\n\n    Expected: \u001b[32m201\u001b[39m\n    Received: \u001b[31m401\u001b[39m\n\u001b[2m\u001b[22m\n\u001b[2m    \u001b[0m \u001b[90m 35 |\u001b[39m                 \u001b[33m.\u001b[39msend({ product_id\u001b[33m:\u001b[39m testProductId\u001b[33m,\u001b[39m quantity\u001b[33m:\u001b[39m \u001b[35m2\u001b[39m })\u001b[33m;\u001b[39m\u001b[22m\n\u001b[2m     \u001b[90m 36 |\u001b[39m\u001b[22m\n\u001b[2m    \u001b[31m\u001b[1m>\u001b[22m\u001b[2m\u001b[39m\u001b[90m 37 |\u001b[39m             expect(res\u001b[33m.\u001b[39mstatusCode)\u001b[33m.\u001b[39mtoBe(\u001b[35m201\u001b[39m)\u001b[33m;\u001b[39m\u001b[22m\n\u001b[2m     \u001b[90m    |\u001b[39m                                    \u001b[31m\u001b[1m^\u001b[22m\u001b[2m\u001b[39m\u001b[22m\n\u001b[2m     \u001b[90m 38 |\u001b[39m             expect(res\u001b[33m.\u001b[39mbody)\u001b[33m.\u001b[39mtoHaveProperty(\u001b[32m'item'\u001b[39m)\u001b[33m;\u001b[39m\u001b[22m\n\u001b[2m     \u001b[90m 39 |\u001b[39m             expect(res\u001b[33m.\u001b[39mbody\u001b[33m.\u001b[39mitem\u001b[33m.\u001b[39mquantity)\u001b[33m.\u001b[39mtoBe(\u001b[35m2\u001b[39m)\u001b[33m;\u001b[39m\u001b[22m\n\u001b[2m     \u001b[90m 40 |\u001b[39m         })\u001b[33m;\u001b[39m\u001b[0m\u001b[22m\n\u001b[2m\u001b[22m\n\u001b[2m      \u001b[2mat Object.toBe (\u001b[22m\u001b[2m\u001b[0m\u001b[36mtests/cart.operations.test.js\u001b[39m\u001b[0m\u001b[2m:37:36)\u001b[22m\u001b[2m\u001b[22m\n\n\u001b[1m\u001b[31m  \u001b[1m● \u001b[22m\u001b[1mCart Items Operations › POST /api/cart › should block adding invalid product\u001b[39m\u001b[22m\n\n    \u001b[2mexpect(\u001b[22m\u001b[31mreceived\u001b[39m\u001b[2m).\u001b[22mtoBe\u001b[2m(\u001b[22m\u001b[32mexpected\u001b[39m\u001b[2m) // Object.is equality\u001b[22m\n\n    Expected: \u001b[32m404\u001b[39m\n    Received: \u001b[31m401\u001b[39m\n\u001b[2m\u001b[22m\n\u001b[2m    \u001b[0m \u001b[90m 46 |\u001b[39m                 \u001b[33m.\u001b[39msend({ product_id\u001b[33m:\u001b[39m \u001b[32m'00000000-0000-0000-0000-000000000000'\u001b[39m\u001b[33m,\u001b[39m quantity\u001b[33m:\u001b[39m \u001b[35m1\u001b[39m })\u001b[33m;\u001b[39m\u001b[22m\n\u001b[2m     \u001b[90m 47 |\u001b[39m\u001b[22m\n\u001b[2m    \u001b[31m\u001b[1m>\u001b[22m\u001b[2m\u001b[39m\u001b[90m 48 |\u001b[39m             expect(res\u001b[33m.\u001b[39mstatusCode)\u001b[33m.\u001b[39mtoBe(\u001b[35m404\u001b[39m)\u001b[33m;\u001b[39m\u001b[22m\n\u001b[2m     \u001b[90m    |\u001b[39m                                    \u001b[31m\u001b[1m^\u001b[22m\u001b[2m\u001b[39m\u001b[22m\n\u001b[2m     \u001b[90m 49 |\u001b[39m         })\u001b[33m;\u001b[39m\u001b[22m\n\u001b[2m     \u001b[90m 50 |\u001b[39m     })\u001b[33m;\u001b[39m\u001b[22m\n\u001b[2m     \u001b[90m 51 |\u001b[39m\u001b[0m\u001b[22m\n\u001b[2m\u001b[22m\n\u001b[2m      \u001b[2mat Object.toBe (\u001b[22m\u001b[2m\u001b[0m\u001b[36mtests/cart.operations.test.js\u001b[39m\u001b[0m\u001b[2m:48:36)\u001b[22m\u001b[2m\u001b[22m\n\n\u001b[1m\u001b[31m  \u001b[1m● \u001b[22m\u001b[1mCart Items Operations › PUT /api/cart/:id › should update item quantity\u001b[39m\u001b[22m\n\n    TypeError: Cannot read properties of undefined (reading 'id')\n\u001b[2m\u001b[22m\n\u001b[2m    \u001b[0m \u001b[90m 58 |\u001b[39m                 \u001b[33m.\u001b[39msend({ product_id\u001b[33m:\u001b[39m testProductId\u001b[33m,\u001b[39m quantity\u001b[33m:\u001b[39m \u001b[35m1\u001b[39m })\u001b[33m;\u001b[39m\u001b[22m\n\u001b[2m     \u001b[90m 59 |\u001b[39m\u001b[22m\n\u001b[2m    \u001b[31m\u001b[1m>\u001b[22m\u001b[2m\u001b[39m\u001b[90m 60 |\u001b[39m             \u001b[36mconst\u001b[39m cartItemId \u001b[33m=\u001b[39m addRes\u001b[33m.\u001b[39mbody\u001b[33m.\u001b[39mitem\u001b[33m.\u001b[39mid\u001b[33m;\u001b[39m\u001b[22m\n\u001b[2m     \u001b[90m    |\u001b[39m                                                 \u001b[31m\u001b[1m^\u001b[22m\u001b[2m\u001b[39m\u001b[22m\n\u001b[2m     \u001b[90m 61 |\u001b[39m\u001b[22m\n\u001b[2m     \u001b[90m 62 |\u001b[39m             \u001b[90m// Perform Update\u001b[39m\u001b[22m\n\u001b[2m     \u001b[90m 63 |\u001b[39m             \u001b[36mconst\u001b[39m res \u001b[33m=\u001b[39m \u001b[36mawait\u001b[39m request(app)\u001b[0m\u001b[22m\n\u001b[2m\u001b[22m\n\u001b[2m      \u001b[2mat Object.id (\u001b[22m\u001b[2m\u001b[0m\u001b[36mtests/cart.operations.test.js\u001b[39m\u001b[0m\u001b[2m:60:49)\u001b[22m\u001b[2m\u001b[22m\n\n\u001b[1m\u001b[31m  \u001b[1m● \u001b[22m\u001b[1mCart Items Operations › PUT /api/cart/:id › should block updating with zero quantity\u001b[39m\u001b[22m\n\n    \u001b[2mexpect(\u001b[22m\u001b[31mreceived\u001b[39m\u001b[2m).\u001b[22mtoBe\u001b[2m(\u001b[22m\u001b[32mexpected\u001b[39m\u001b[2m) // Object.is equality\u001b[22m\n\n    Expected: \u001b[32m400\u001b[39m\n    Received: \u001b[31m401\u001b[39m\n\u001b[2m\u001b[22m\n\u001b[2m    \u001b[0m \u001b[90m 77 |\u001b[39m                 \u001b[33m.\u001b[39msend({ quantity\u001b[33m:\u001b[39m \u001b[35m0\u001b[39m })\u001b[33m;\u001b[39m\u001b[22m\n\u001b[2m     \u001b[90m 78 |\u001b[39m\u001b[22m\n\u001b[2m    \u001b[31m\u001b[1m>\u001b[22m\u001b[2m\u001b[39m\u001b[90m 79 |\u001b[39m             expect(res\u001b[33m.\u001b[39mstatusCode)\u001b[33m.\u001b[39mtoBe(\u001b[35m400\u001b[39m)\u001b[33m;\u001b[39m\u001b[22m\n\u001b[2m     \u001b[90m    |\u001b[39m                                    \u001b[31m\u001b[1m^\u001b[22m\u001b[2m\u001b[39m\u001b[22m\n\u001b[2m     \u001b[90m 80 |\u001b[39m         })\u001b[33m;\u001b[39m\u001b[22m\n\u001b[2m     \u001b[90m 81 |\u001b[39m     })\u001b[33m;\u001b[39m\u001b[22m\n\u001b[2m     \u001b[90m 82 |\u001b[39m\u001b[0m\u001b[22m\n\u001b[2m\u001b[22m\n\u001b[2m      \u001b[2mat Object.toBe (\u001b[22m\u001b[2m\u001b[0m\u001b[36mtests/cart.operations.test.js\u001b[39m\u001b[0m\u001b[2m:79:36)\u001b[22m\u001b[2m\u001b[22m\n\n\u001b[1m\u001b[31m  \u001b[1m● \u001b[22m\u001b[1mCart Items Operations › DELETE /api/cart/:id › should remove item from cart cleanly\u001b[39m\u001b[22m\n\n    TypeError: Cannot read properties of undefined (reading 'id')\n\u001b[2m\u001b[22m\n\u001b[2m    \u001b[0m \u001b[90m 89 |\u001b[39m                 \u001b[33m.\u001b[39msend({ product_id\u001b[33m:\u001b[39m testProductId\u001b[33m,\u001b[39m quantity\u001b[33m:\u001b[39m \u001b[35m1\u001b[39m })\u001b[33m;\u001b[39m\u001b[22m\n\u001b[2m     \u001b[90m 90 |\u001b[39m\u001b[22m\n\u001b[2m    \u001b[31m\u001b[1m>\u001b[22m\u001b[2m\u001b[39m\u001b[90m 91 |\u001b[39m             \u001b[36mconst\u001b[39m cartItemId \u001b[33m=\u001b[39m addRes\u001b[33m.\u001b[39mbody\u001b[33m.\u001b[39mitem\u001b[33m.\u001b[39mid\u001b[33m;\u001b[39m\u001b[22m\n\u001b[2m     \u001b[90m    |\u001b[39m                                                 \u001b[31m\u001b[1m^\u001b[22m\u001b[2m\u001b[39m\u001b[22m\n\u001b[2m     \u001b[90m 92 |\u001b[39m\u001b[22m\n\u001b[2m     \u001b[90m 93 |\u001b[39m             \u001b[90m// Perform Delete\u001b[39m\u001b[22m\n\u001b[2m     \u001b[90m 94 |\u001b[39m             \u001b[36mconst\u001b[39m res \u001b[33m=\u001b[39m \u001b[36mawait\u001b[39m request(app)\u001b[0m\u001b[22m\n\u001b[2m\u001b[22m\n\u001b[2m      \u001b[2mat Object.id (\u001b[22m\u001b[2m\u001b[0m\u001b[36mtests/cart.operations.test.js\u001b[39m\u001b[0m\u001b[2m:91:49)\u001b[22m\u001b[2m\u001b[22m\n","name":"C:\\Users\\Hani\\OneDrive\\Desktop\\furniture project\\server\\tests\\cart.operations.test.js","startTime":1773061608253,"status":"failed","summary":""},{"assertionResults":[{"ancestorTitles":["Auth API Endpoints","POST /api/auth/register"],"duration":426,"failing":false,"failureDetails":[{"matcherResult":{"actual":500,"expected":201,"message":"\u001b[2mexpect(\u001b[22m\u001b[31mreceived\u001b[39m\u001b[2m).\u001b[22mtoEqual\u001b[2m(\u001b[22m\u001b[32mexpected\u001b[39m\u001b[2m) // deep equality\u001b[22m\n\nExpected: \u001b[32m201\u001b[39m\nReceived: \u001b[31m500\u001b[39m","name":"toEqual","pass":false}}],"failureMessages":["Error: \u001b[2mexpect(\u001b[22m\u001b[31mreceived\u001b[39m\u001b[2m).\u001b[22mtoEqual\u001b[2m(\u001b[22m\u001b[32mexpected\u001b[39m\u001b[2m) // deep equality\u001b[22m\n\nExpected: \u001b[32m201\u001b[39m\nReceived: \u001b[31m500\u001b[39m\n    at Object.toEqual (C:\\Users\\Hani\\OneDrive\\Desktop\\furniture project\\server\\tests\\auth.test.js:24:36)\n    at processTicksAndRejections (node:internal/process/task_queues:105:5)"],"fullName":"Auth API Endpoints POST /api/auth/register should register a new user successfully","invocations":1,"location":null,"numPassingAsserts":0,"retryReasons":[],"startAt":1773061618211,"status":"failed","title":"should register a new user successfully"},{"ancestorTitles":["Auth API Endpoints","POST /api/auth/register"],"duration":462,"failing":false,"failureDetails":[{"matcherResult":{"actual":500,"expected":409,"message":"\u001b[2mexpect(\u001b[22m\u001b[31mreceived\u001b[39m\u001b[2m).\u001b[22mtoEqual\u001b[2m(\u001b[22m\u001b[32mexpected\u001b[39m\u001b[2m) // deep equality\u001b[22m\n\nExpected: \u001b[32m409\u001b[39m\nReceived: \u001b[31m500\u001b[39m","name":"toEqual","pass":false}}],"failureMessages":["Error: \u001b[2mexpect(\u001b[22m\u001b[31mreceived\u001b[39m\u001b[2m).\u001b[22mtoEqual\u001b[2m(\u001b[22m\u001b[32mexpected\u001b[39m\u001b[2m) // deep equality\u001b[22m\n\nExpected: \u001b[32m409\u001b[39m\nReceived: \u001b[31m500\u001b[39m\n    at Object.toEqual (C:\\Users\\Hani\\OneDrive\\Desktop\\furniture project\\server\\tests\\auth.test.js:35:36)\n    at processTicksAndRejections (node:internal/process/task_queues:105:5)"],"fullName":"Auth API Endpoints POST /api/auth/register should fail if email is already registered","invocations":1,"location":null,"numPassingAsserts":0,"retryReasons":[],"startAt":1773061618638,"status":"failed","title":"should fail if email is already registered"},{"ancestorTitles":["Auth API Endpoints","POST /api/auth/register"],"duration":25,"failing":false,"failureDetails":[],"failureMessages":[],"fullName":"Auth API Endpoints POST /api/auth/register should fail validation with short password","invocations":1,"location":null,"numPassingAsserts":1,"retryReasons":[],"startAt":1773061619101,"status":"passed","title":"should fail validation with short password"},{"ancestorTitles":["Auth API Endpoints","POST /api/auth/login"],"duration":95,"failing":false,"failureDetails":[{"matcherResult":{"actual":401,"expected":200,"message":"\u001b[2mexpect(\u001b[22m\u001b[31mreceived\u001b[39m\u001b[2m).\u001b[22mtoEqual\u001b[2m(\u001b[22m\u001b[32mexpected\u001b[39m\u001b[2m) // deep equality\u001b[22m\n\nExpected: \u001b[32m200\u001b[39m\nReceived: \u001b[31m401\u001b[39m","name":"toEqual","pass":false}}],"failureMessages":["Error: \u001b[2mexpect(\u001b[22m\u001b[31mreceived\u001b[39m\u001b[2m).\u001b[22mtoEqual\u001b[2m(\u001b[22m\u001b[32mexpected\u001b[39m\u001b[2m) // deep equality\u001b[22m\n\nExpected: \u001b[32m200\u001b[39m\nReceived: \u001b[31m401\u001b[39m\n    at Object.toEqual (C:\\Users\\Hani\\OneDrive\\Desktop\\furniture project\\server\\tests\\auth.test.js:61:36)\n    at processTicksAndRejections (node:internal/process/task_queues:105:5)"],"fullName":"Auth API Endpoints POST /api/auth/login should login successfully with correct credentials","invocations":1,"location":null,"numPassingAsserts":0,"retryReasons":[],"startAt":1773061619127,"status":"failed","title":"should login successfully with correct credentials"},{"ancestorTitles":["Auth API Endpoints","POST /api/auth/login"],"duration":23,"failing":false,"failureDetails":[],"failureMessages":[],"fullName":"Auth API Endpoints POST /api/auth/login should prevent login with wrong password","invocations":1,"location":null,"numPassingAsserts":1,"retryReasons":[],"startAt":1773061619223,"status":"passed","title":"should prevent login with wrong password"}],"endTime":1773061619278,"message":"\u001b[1m\u001b[31m  \u001b[1m● \u001b[22m\u001b[1mAuth API Endpoints › POST /api/auth/register › should register a new user successfully\u001b[39m\u001b[22m\n\n    \u001b[2mexpect(\u001b[22m\u001b[31mreceived\u001b[39m\u001b[2m).\u001b[22mtoEqual\u001b[2m(\u001b[22m\u001b[32mexpected\u001b[39m\u001b[2m) // deep equality\u001b[22m\n\n    Expected: \u001b[32m201\u001b[39m\n    Received: \u001b[31m500\u001b[39m\n\u001b[2m\u001b[22m\n\u001b[2m    \u001b[0m \u001b[90m 22 |\u001b[39m                 \u001b[33m.\u001b[39msend(testUser)\u001b[33m;\u001b[39m\u001b[22m\n\u001b[2m     \u001b[90m 23 |\u001b[39m\u001b[22m\n\u001b[2m    \u001b[31m\u001b[1m>\u001b[22m\u001b[2m\u001b[39m\u001b[90m 24 |\u001b[39m             expect(res\u001b[33m.\u001b[39mstatusCode)\u001b[33m.\u001b[39mtoEqual(\u001b[35m201\u001b[39m)\u001b[33m;\u001b[39m\u001b[22m\n\u001b[2m     \u001b[90m    |\u001b[39m                                    \u001b[31m\u001b[1m^\u001b[22m\u001b[2m\u001b[39m\u001b[22m\n\u001b[2m     \u001b[90m 25 |\u001b[39m             expect(res\u001b[33m.\u001b[39mbody)\u001b[33m.\u001b[39mtoHaveProperty(\u001b[32m'user'\u001b[39m)\u001b[33m;\u001b[39m\u001b[22m\n\u001b[2m     \u001b[90m 26 |\u001b[39m             expect(res\u001b[33m.\u001b[39mbody\u001b[33m.\u001b[39muser)\u001b[33m.\u001b[39mtoHaveProperty(\u001b[32m'email'\u001b[39m\u001b[33m,\u001b[39m testUser\u001b[33m.\u001b[39memail)\u001b[33m;\u001b[39m\u001b[22m\n\u001b[2m     \u001b[90m 27 |\u001b[39m             expect(res\u001b[33m.\u001b[39mbody)\u001b[33m.\u001b[39mtoHaveProperty(\u001b[32m'token'\u001b[39m)\u001b[33m;\u001b[39m\u001b[0m\u001b[22m\n\u001b[2m\u001b[22m\n\u001b[2m      \u001b[2mat Object.toEqual (\u001b[22m\u001b[2m\u001b[0m\u001b[36mtests/auth.test.js\u001b[39m\u001b[0m\u001b[2m:24:36)\u001b[22m\u001b[2m\u001b[22m\n\n\u001b[1m\u001b[31m  \u001b[1m● \u001b[22m\u001b[1mAuth API Endpoints › POST /api/auth/register › should fail if email is already registered\u001b[39m\u001b[22m\n\n    \u001b[2mexpect(\u001b[22m\u001b[31mreceived\u001b[39m\u001b[2m).\u001b[22mtoEqual\u001b[2m(\u001b[22m\u001b[32mexpected\u001b[39m\u001b[2m) // deep equality\u001b[22m\n\n    Expected: \u001b[32m409\u001b[39m\n    Received: \u001b[31m500\u001b[39m\n\u001b[2m\u001b[22m\n\u001b[2m    \u001b[0m \u001b[90m 33 |\u001b[39m                 \u001b[33m.\u001b[39msend(testUser)\u001b[33m;\u001b[39m\u001b[22m\n\u001b[2m     \u001b[90m 34 |\u001b[39m\u001b[22m\n\u001b[2m    \u001b[31m\u001b[1m>\u001b[22m\u001b[2m\u001b[39m\u001b[90m 35 |\u001b[39m             expect(res\u001b[33m.\u001b[39mstatusCode)\u001b[33m.\u001b[39mtoEqual(\u001b[35m409\u001b[39m)\u001b[33m;\u001b[39m\u001b[22m\n\u001b[2m     \u001b[90m    |\u001b[39m                                    \u001b[31m\u001b[1m^\u001b[22m\u001b[2m\u001b[39m\u001b[22m\n\u001b[2m     \u001b[90m 36 |\u001b[39m             expect(res\u001b[33m.\u001b[39mbody)\u001b[33m.\u001b[39mtoHaveProperty(\u001b[32m'error'\u001b[39m)\u001b[33m;\u001b[39m\u001b[22m\n\u001b[2m     \u001b[90m 37 |\u001b[39m         })\u001b[33m;\u001b[39m\u001b[22m\n\u001b[2m     \u001b[90m 38 |\u001b[39m\u001b[0m\u001b[22m\n\u001b[2m\u001b[22m\n\u001b[2m      \u001b[2mat Object.toEqual (\u001b[22m\u001b[2m\u001b[0m\u001b[36mtests/auth.test.js\u001b[39m\u001b[0m\u001b[2m:35:36)\u001b[22m\u001b[2m\u001b[22m\n\n\u001b[1m\u001b[31m  \u001b[1m● \u001b[22m\u001b[1mAuth API Endpoints › POST /api/auth/login › should login successfully with correct credentials\u001b[39m\u001b[22m\n\n    \u001b[2mexpect(\u001b[22m\u001b[31mreceived\u001b[39m\u001b[2m).\u001b[22mtoEqual\u001b[2m(\u001b[22m\u001b[32mexpected\u001b[39m\u001b[2m) // deep equality\u001b[22m\n\n    Expected: \u001b[32m200\u001b[39m\n    Received: \u001b[31m401\u001b[39m\n\u001b[2m\u001b[22m\n\u001b[2m    \u001b[0m \u001b[90m 59 |\u001b[39m                 })\u001b[33m;\u001b[39m\u001b[22m\n\u001b[2m     \u001b[90m 60 |\u001b[39m\u001b[22m\n\u001b[2m    \u001b[31m\u001b[1m>\u001b[22m\u001b[2m\u001b[39m\u001b[90m 61 |\u001b[39m             expect(res\u001b[33m.\u001b[39mstatusCode)\u001b[33m.\u001b[39mtoEqual(\u001b[35m200\u001b[39m)\u001b[33m;\u001b[39m\u001b[22m\n\u001b[2m     \u001b[90m    |\u001b[39m                                    \u001b[31m\u001b[1m^\u001b[22m\u001b[2m\u001b[39m\u001b[22m\n\u001b[2m     \u001b[90m 62 |\u001b[39m             expect(res\u001b[33m.\u001b[39mbody)\u001b[33m.\u001b[39mtoHaveProperty(\u001b[32m'token'\u001b[39m)\u001b[33m;\u001b[39m\u001b[22m\n\u001b[2m     \u001b[90m 63 |\u001b[39m         })\u001b[33m;\u001b[39m\u001b[22m\n\u001b[2m     \u001b[90m 64 |\u001b[39m\u001b[0m\u001b[22m\n\u001b[2m\u001b[22m\n\u001b[2m      \u001b[2mat Object.toEqual (\u001b[22m\u001b[2m\u001b[0m\u001b[36mtests/auth.test.js\u001b[39m\u001b[0m\u001b[2m:61:36)\u001b[22m\u001b[2m\u001b[22m\n","name":"C:\\Users\\Hani\\OneDrive\\Desktop\\furniture project\\server\\tests\\auth.test.js","startTime":1773061617394,"status":"failed","summary":""},{"assertionResults":[{"ancestorTitles":["Order Lifecycle API"],"duration":1,"failing":false,"failureDetails":[{}],"failureMessages":["TypeError: Cannot read properties of undefined (reading 'id')\n    at Object.id (C:\\Users\\Hani\\OneDrive\\Desktop\\furniture project\\server\\tests\\orders.test.js:20:39)\n    at processTicksAndRejections (node:internal/process/task_queues:105:5)"],"fullName":"Order Lifecycle API should prevent checkout with an empty cart","invocations":1,"location":null,"numPassingAsserts":0,"retryReasons":[],"startAt":1773061620615,"status":"failed","title":"should prevent checkout with an empty cart"},{"ancestorTitles":["Order Lifecycle API"],"duration":1,"failing":false,"failureDetails":[{}],"failureMessages":["TypeError: Cannot read properties of undefined (reading 'id')\n    at Object.id (C:\\Users\\Hani\\OneDrive\\Desktop\\furniture project\\server\\tests\\orders.test.js:20:39)\n    at processTicksAndRejections (node:internal/process/task_queues:105:5)"],"fullName":"Order Lifecycle API should successfully create an order from a populated cart","invocations":1,"location":null,"numPassingAsserts":0,"retryReasons":[],"startAt":1773061620618,"status":"failed","title":"should successfully create an order from a populated cart"},{"ancestorTitles":["Order Lifecycle API"],"duration":1,"failing":false,"failureDetails":[{}],"failureMessages":["TypeError: Cannot read properties of undefined (reading 'id')\n    at Object.id (C:\\Users\\Hani\\OneDrive\\Desktop\\furniture project\\server\\tests\\orders.test.js:20:39)\n    at processTicksAndRejections (node:internal/process/task_queues:105:5)"],"fullName":"Order Lifecycle API should fetch the user order history","invocations":1,"location":null,"numPassingAsserts":0,"retryReasons":[],"startAt":1773061620620,"status":"failed","title":"should fetch the user order history"}],"endTime":1773061620631,"message":"\u001b[1m\u001b[31m  \u001b[1m● \u001b[22m\u001b[1mOrder Lifecycle API › should prevent checkout with an empty cart\u001b[39m\u001b[22m\n\n    TypeError: Cannot read properties of undefined (reading 'id')\n\u001b[2m\u001b[22m\n\u001b[2m    \u001b[0m \u001b[90m 18 |\u001b[39m         \u001b[90m// Grab user ID from auth API response or we can fetch manually\u001b[39m\u001b[22m\n\u001b[2m     \u001b[90m 19 |\u001b[39m         \u001b[36mconst\u001b[39m profileRes \u001b[33m=\u001b[39m \u001b[36mawait\u001b[39m request(app)\u001b[33m.\u001b[39m\u001b[36mget\u001b[39m(\u001b[32m'/api/auth/me'\u001b[39m)\u001b[33m.\u001b[39m\u001b[36mset\u001b[39m(\u001b[32m'Authorization'\u001b[39m\u001b[33m,\u001b[39m \u001b[32m`Bearer ${authToken}`\u001b[39m)\u001b[33m;\u001b[39m\u001b[22m\n\u001b[2m    \u001b[31m\u001b[1m>\u001b[22m\u001b[2m\u001b[39m\u001b[90m 20 |\u001b[39m         userId \u001b[33m=\u001b[39m profileRes\u001b[33m.\u001b[39mbody\u001b[33m.\u001b[39muser\u001b[33m.\u001b[39mid\u001b[33m;\u001b[39m\u001b[22m\n\u001b[2m     \u001b[90m    |\u001b[39m                                       \u001b[31m\u001b[1m^\u001b[22m\u001b[2m\u001b[39m\u001b[22m\n\u001b[2m     \u001b[90m 21 |\u001b[39m\u001b[22m\n\u001b[2m     \u001b[90m 22 |\u001b[39m         \u001b[90m// Seed product\u001b[39m\u001b[22m\n\u001b[2m     \u001b[90m 23 |\u001b[39m         \u001b[36mconst\u001b[39m categoryId \u001b[33m=\u001b[39m \u001b[36mawait\u001b[39m seedCategory(pool\u001b[33m,\u001b[39m { name\u001b[33m:\u001b[39m \u001b[32m'Order Test Category'\u001b[39m })\u001b[33m;\u001b[39m\u001b[0m\u001b[22m\n\u001b[2m\u001b[22m\n\u001b[2m      \u001b[2mat Object.id (\u001b[22m\u001b[2m\u001b[0m\u001b[36mtests/orders.test.js\u001b[39m\u001b[0m\u001b[2m:20:39)\u001b[22m\u001b[2m\u001b[22m\n\n\u001b[1m\u001b[31m  \u001b[1m● \u001b[22m\u001b[1mOrder Lifecycle API › should successfully create an order from a populated cart\u001b[39m\u001b[22m\n\n    TypeError: Cannot read properties of undefined (reading 'id')\n\u001b[2m\u001b[22m\n\u001b[2m    \u001b[0m \u001b[90m 18 |\u001b[39m         \u001b[90m// Grab user ID from auth API response or we can fetch manually\u001b[39m\u001b[22m\n\u001b[2m     \u001b[90m 19 |\u001b[39m         \u001b[36mconst\u001b[39m profileRes \u001b[33m=\u001b[39m \u001b[36mawait\u001b[39m request(app)\u001b[33m.\u001b[39m\u001b[36mget\u001b[39m(\u001b[32m'/api/auth/me'\u001b[39m)\u001b[33m.\u001b[39m\u001b[36mset\u001b[39m(\u001b[32m'Authorization'\u001b[39m\u001b[33m,\u001b[39m \u001b[32m`Bearer ${authToken}`\u001b[39m)\u001b[33m;\u001b[39m\u001b[22m\n\u001b[2m    \u001b[31m\u001b[1m>\u001b[22m\u001b[2m\u001b[39m\u001b[90m 20 |\u001b[39m         userId \u001b[33m=\u001b[39m profileRes\u001b[33m.\u001b[39mbody\u001b[33m.\u001b[39muser\u001b[33m.\u001b[39mid\u001b[33m;\u001b[39m\u001b[22m\n\u001b[2m     \u001b[90m    |\u001b[39m                                       \u001b[31m\u001b[1m^\u001b[22m\u001b[2m\u001b[39m\u001b[22m\n\u001b[2m     \u001b[90m 21 |\u001b[39m\u001b[22m\n\u001b[2m     \u001b[90m 22 |\u001b[39m         \u001b[90m// Seed product\u001b[39m\u001b[22m\n\u001b[2m     \u001b[90m 23 |\u001b[39m         \u001b[36mconst\u001b[39m categoryId \u001b[33m=\u001b[39m \u001b[36mawait\u001b[39m seedCategory(pool\u001b[33m,\u001b[39m { name\u001b[33m:\u001b[39m \u001b[32m'Order Test Category'\u001b[39m })\u001b[33m;\u001b[39m\u001b[0m\u001b[22m\n\u001b[2m\u001b[22m\n\u001b[2m      \u001b[2mat Object.id (\u001b[22m\u001b[2m\u001b[0m\u001b[36mtests/orders.test.js\u001b[39m\u001b[0m\u001b[2m:20:39)\u001b[22m\u001b[2m\u001b[22m\n\n\u001b[1m\u001b[31m  \u001b[1m● \u001b[22m\u001b[1mOrder Lifecycle API › should fetch the user order history\u001b[39m\u001b[22m\n\n    TypeError: Cannot read properties of undefined (reading 'id')\n\u001b[2m\u001b[22m\n\u001b[2m    \u001b[0m \u001b[90m 18 |\u001b[39m         \u001b[90m// Grab user ID from auth API response or we can fetch manually\u001b[39m\u001b[22m\n\u001b[2m     \u001b[90m 19 |\u001b[39m         \u001b[36mconst\u001b[39m profileRes \u001b[33m=\u001b[39m \u001b[36mawait\u001b[39m request(app)\u001b[33m.\u001b[39m\u001b[36mget\u001b[39m(\u001b[32m'/api/auth/me'\u001b[39m)\u001b[33m.\u001b[39m\u001b[36mset\u001b[39m(\u001b[32m'Authorization'\u001b[39m\u001b[33m,\u001b[39m \u001b[32m`Bearer ${authToken}`\u001b[39m)\u001b[33m;\u001b[39m\u001b[22m\n\u001b[2m    \u001b[31m\u001b[1m>\u001b[22m\u001b[2m\u001b[39m\u001b[90m 20 |\u001b[39m         userId \u001b[33m=\u001b[39m profileRes\u001b[33m.\u001b[39mbody\u001b[33m.\u001b[39muser\u001b[33m.\u001b[39mid\u001b[33m;\u001b[39m\u001b[22m\n\u001b[2m     \u001b[90m    |\u001b[39m                                       \u001b[31m\u001b[1m^\u001b[22m\u001b[2m\u001b[39m\u001b[22m\n\u001b[2m     \u001b[90m 21 |\u001b[39m\u001b[22m\n\u001b[2m     \u001b[90m 22 |\u001b[39m         \u001b[90m// Seed product\u001b[39m\u001b[22m\n\u001b[2m     \u001b[90m 23 |\u001b[39m         \u001b[36mconst\u001b[39m categoryId \u001b[33m=\u001b[39m \u001b[36mawait\u001b[39m seedCategory(pool\u001b[33m,\u001b[39m { name\u001b[33m:\u001b[39m \u001b[32m'Order Test Category'\u001b[39m })\u001b[33m;\u001b[39m\u001b[0m\u001b[22m\n\u001b[2m\u001b[22m\n\u001b[2m      \u001b[2mat Object.id (\u001b[22m\u001b[2m\u001b[0m\u001b[36mtests/orders.test.js\u001b[39m\u001b[0m\u001b[2m:20:39)\u001b[22m\u001b[2m\u001b[22m\n","name":"C:\\Users\\Hani\\OneDrive\\Desktop\\furniture project\\server\\tests\\orders.test.js","startTime":1773061619307,"status":"failed","summary":""},{"assertionResults":[{"ancestorTitles":["Cart API Endpoints","GET /api/cart"],"duration":24,"failing":false,"failureDetails":[],"failureMessages":[],"fullName":"Cart API Endpoints GET /api/cart should block unauthenticated access","invocations":1,"location":null,"numPassingAsserts":1,"retryReasons":[],"startAt":1773061622123,"status":"passed","title":"should block unauthenticated access"},{"ancestorTitles":["Cart API Endpoints","GET /api/cart"],"duration":20,"failing":false,"failureDetails":[{"matcherResult":{"actual":401,"expected":200,"message":"\u001b[2mexpect(\u001b[22m\u001b[31mreceived\u001b[39m\u001b[2m).\u001b[22mtoEqual\u001b[2m(\u001b[22m\u001b[32mexpected\u001b[39m\u001b[2m) // deep equality\u001b[22m\n\nExpected: \u001b[32m200\u001b[39m\nReceived: \u001b[31m401\u001b[39m","name":"toEqual","pass":false}}],"failureMessages":["Error: \u001b[2mexpect(\u001b[22m\u001b[31mreceived\u001b[39m\u001b[2m).\u001b[22mtoEqual\u001b[2m(\u001b[22m\u001b[32mexpected\u001b[39m\u001b[2m) // deep equality\u001b[22m\n\nExpected: \u001b[32m200\u001b[39m\nReceived: \u001b[31m401\u001b[39m\n    at Object.toEqual (C:\\Users\\Hani\\OneDrive\\Desktop\\furniture project\\server\\tests\\cart.test.js:35:36)\n    at processTicksAndRejections (node:internal/process/task_queues:105:5)"],"fullName":"Cart API Endpoints GET /api/cart should fetch the cart for an authenticated user","invocations":1,"location":null,"numPassingAsserts":0,"retryReasons":[],"startAt":1773061622148,"status":"failed","title":"should fetch the cart for an authenticated user"}],"endTime":1773061622174,"message":"\u001b[1m\u001b[31m  \u001b[1m● \u001b[22m\u001b[1mCart API Endpoints › GET /api/cart › should fetch the cart for an authenticated user\u001b[39m\u001b[22m\n\n    \u001b[2mexpect(\u001b[22m\u001b[31mreceived\u001b[39m\u001b[2m).\u001b[22mtoEqual\u001b[2m(\u001b[22m\u001b[32mexpected\u001b[39m\u001b[2m) // deep equality\u001b[22m\n\n    Expected: \u001b[32m200\u001b[39m\n    Received: \u001b[31m401\u001b[39m\n\u001b[2m\u001b[22m\n\u001b[2m    \u001b[0m \u001b[90m 33 |\u001b[39m                 \u001b[33m.\u001b[39m\u001b[36mset\u001b[39m(\u001b[32m'Authorization'\u001b[39m\u001b[33m,\u001b[39m \u001b[32m`Bearer ${authToken}`\u001b[39m)\u001b[33m;\u001b[39m\u001b[22m\n\u001b[2m     \u001b[90m 34 |\u001b[39m\u001b[22m\n\u001b[2m    \u001b[31m\u001b[1m>\u001b[22m\u001b[2m\u001b[39m\u001b[90m 35 |\u001b[39m             expect(res\u001b[33m.\u001b[39mstatusCode)\u001b[33m.\u001b[39mtoEqual(\u001b[35m200\u001b[39m)\u001b[33m;\u001b[39m\u001b[22m\n\u001b[2m     \u001b[90m    |\u001b[39m                                    \u001b[31m\u001b[1m^\u001b[22m\u001b[2m\u001b[39m\u001b[22m\n\u001b[2m     \u001b[90m 36 |\u001b[39m             expect(res\u001b[33m.\u001b[39mbody)\u001b[33m.\u001b[39mtoHaveProperty(\u001b[32m'items'\u001b[39m)\u001b[33m;\u001b[39m\u001b[22m\n\u001b[2m     \u001b[90m 37 |\u001b[39m             expect(\u001b[33mArray\u001b[39m\u001b[33m.\u001b[39misArray(res\u001b[33m.\u001b[39mbody\u001b[33m.\u001b[39mitems))\u001b[33m.\u001b[39mtoBe(\u001b[36mtrue\u001b[39m)\u001b[33m;\u001b[39m\u001b[22m\n\u001b[2m     \u001b[90m 38 |\u001b[39m         })\u001b[33m;\u001b[39m\u001b[0m\u001b[22m\n\u001b[2m\u001b[22m\n\u001b[2m      \u001b[2mat Object.toEqual (\u001b[22m\u001b[2m\u001b[0m\u001b[36mtests/cart.test.js\u001b[39m\u001b[0m\u001b[2m:35:36)\u001b[22m\u001b[2m\u001b[22m\n","name":"C:\\Users\\Hani\\OneDrive\\Desktop\\furniture project\\server\\tests\\cart.test.js","startTime":1773061620654,"status":"failed","summary":""},{"assertionResults":[{"ancestorTitles":["Security and Edge Case Handlers","Handling Malformations"],"duration":56,"failing":false,"failureDetails":[],"failureMessages":[],"fullName":"Security and Edge Case Handlers Handling Malformations should handle malformed JSON softly","invocations":1,"location":null,"numPassingAsserts":1,"retryReasons":[],"startAt":1773061622938,"status":"passed","title":"should handle malformed JSON softly"},{"ancestorTitles":["Security and Edge Case Handlers","Handling Malformations"],"duration":24,"failing":false,"failureDetails":[],"failureMessages":[],"fullName":"Security and Edge Case Handlers Handling Malformations should handle malformed JWT tokens gracefully","invocations":1,"location":null,"numPassingAsserts":1,"retryReasons":[],"startAt":1773061622995,"status":"passed","title":"should handle malformed JWT tokens gracefully"},{"ancestorTitles":["Security and Edge Case Handlers","Injection Boundaries"],"duration":22,"failing":false,"failureDetails":[],"failureMessages":[],"fullName":"Security and Edge Case Handlers Injection Boundaries should reject SQL syntax inside JSON payload (Parameter Binding Proof)","invocations":1,"location":null,"numPassingAsserts":1,"retryReasons":[],"startAt":1773061623020,"status":"passed","title":"should reject SQL syntax inside JSON payload (Parameter Binding Proof)"},{"ancestorTitles":["Security and Edge Case Handlers","Rate Limiting Logic"],"duration":212,"failing":false,"failureDetails":[],"failureMessages":[],"fullName":"Security and Edge Case Handlers Rate Limiting Logic should trigger rate limits on rapid, repetitive failed auths","invocations":1,"location":null,"numPassingAsserts":1,"retryReasons":[],"startAt":1773061623043,"status":"passed","title":"should trigger rate limits on rapid, repetitive failed auths"}],"endTime":1773061623263,"message":"","name":"C:\\Users\\Hani\\OneDrive\\Desktop\\furniture project\\server\\tests\\security.test.js","startTime":1773061622192,"status":"passed","summary":""},{"assertionResults":[{"ancestorTitles":["Product Configurator API","POST /api/configurator/calculate"],"duration":48,"failing":false,"failureDetails":[],"failureMessages":[],"fullName":"Product Configurator API POST /api/configurator/calculate should calculate base price with valid adjustments","invocations":1,"location":null,"numPassingAsserts":5,"retryReasons":[],"startAt":1773061624328,"status":"passed","title":"should calculate base price with valid adjustments"},{"ancestorTitles":["Product Configurator API","POST /api/configurator/calculate"],"duration":26,"failing":false,"failureDetails":[],"failureMessages":[],"fullName":"Product Configurator API POST /api/configurator/calculate should calculate correctly with empty configuration","invocations":1,"location":null,"numPassingAsserts":2,"retryReasons":[],"startAt":1773061624377,"status":"passed","title":"should calculate correctly with empty configuration"},{"ancestorTitles":["Product Configurator API","POST /api/configurator/calculate"],"duration":23,"failing":false,"failureDetails":[],"failureMessages":[],"fullName":"Product Configurator API POST /api/configurator/calculate should return 400 when missing product_id","invocations":1,"location":null,"numPassingAsserts":1,"retryReasons":[],"startAt":1773061624404,"status":"passed","title":"should return 400 when missing product_id"}],"endTime":1773061624430,"message":"","name":"C:\\Users\\Hani\\OneDrive\\Desktop\\furniture project\\server\\tests\\configurator.test.js","startTime":1773061623283,"status":"passed","summary":""},{"assertionResults":[{"ancestorTitles":["Products API Endpoints","GET /api/products"],"duration":38,"failing":false,"failureDetails":[],"failureMessages":[],"fullName":"Products API Endpoints GET /api/products should fetch a list of products","invocations":1,"location":null,"numPassingAsserts":5,"retryReasons":[],"startAt":1773061625327,"status":"passed","title":"should fetch a list of products"},{"ancestorTitles":["Products API Endpoints","GET /api/products"],"duration":27,"failing":false,"failureDetails":[],"failureMessages":[],"fullName":"Products API Endpoints GET /api/products should correctly paginate products","invocations":1,"location":null,"numPassingAsserts":3,"retryReasons":[],"startAt":1773061625366,"status":"passed","title":"should correctly paginate products"},{"ancestorTitles":["Products API Endpoints","GET /api/products/:id"],"duration":26,"failing":false,"failureDetails":[],"failureMessages":[],"fullName":"Products API Endpoints GET /api/products/:id should handle invalid UUID format","invocations":1,"location":null,"numPassingAsserts":1,"retryReasons":[],"startAt":1773061625394,"status":"passed","title":"should handle invalid UUID format"},{"ancestorTitles":["Products API Endpoints","GET /api/products/:id"],"duration":24,"failing":false,"failureDetails":[],"failureMessages":[],"fullName":"Products API Endpoints GET /api/products/:id should return 404 for a non-existent valid UUID","invocations":1,"location":null,"numPassingAsserts":1,"retryReasons":[],"startAt":1773061625421,"status":"passed","title":"should return 404 for a non-existent valid UUID"}],"endTime":1773061625449,"message":"","name":"C:\\Users\\Hani\\OneDrive\\Desktop\\furniture project\\server\\tests\\products.test.js","startTime":1773061624452,"status":"passed","summary":""},{"assertionResults":[{"ancestorTitles":["Database Connection"],"duration":6,"failing":false,"failureDetails":[],"failureMessages":[],"fullName":"Database Connection should connect to the test database successfully","invocations":1,"location":null,"numPassingAsserts":1,"retryReasons":[],"startAt":1773061626216,"status":"passed","title":"should connect to the test database successfully"},{"ancestorTitles":["Database Connection"],"duration":5,"failing":false,"failureDetails":[],"failureMessages":[],"fullName":"Database Connection should have the correct test database name in connection","invocations":1,"location":null,"numPassingAsserts":1,"retryReasons":[],"startAt":1773061626223,"status":"passed","title":"should have the correct test database name in connection"},{"ancestorTitles":["Database Connection"],"duration":30,"failing":false,"failureDetails":[],"failureMessages":[],"fullName":"Database Connection should have health endpoint working","invocations":1,"location":null,"numPassingAsserts":3,"retryReasons":[],"startAt":1773061626229,"status":"passed","title":"should have health endpoint working"}],"endTime":1773061626262,"message":"","name":"C:\\Users\\Hani\\OneDrive\\Desktop\\furniture project\\server\\tests\\db.test.js","startTime":1773061625466,"status":"passed","summary":""}],"wasInterrupted":false}
